[0911/193142.494:INFO:CONSOLE(1)] "Long rAF frame-time", source: file:///C:/Program%20Files/Adobe/Adobe%20Photoshop%202020/Required/www-rich-tooltips/build/external.js (1)
[0913/000959.953:INFO:CONSOLE(1)] "Long rAF frame-time", source: file:///C:/Program%20Files/Adobe/Adobe%20Photoshop%202020/Required/www-rich-tooltips/build/external.js (1)
[0913/001000.325:ERROR:backend_impl.cc(1062)] Critical error found -8
[0913/001000.458:WARNING:angle_platform_impl.cc(52)] compileToBinary(230): 
C:\fakepath(69,8-58): warning X3571: pow(f, e) will not work for negative f, use abs(f) or conditionally handle negative values if you expect them
C:\fakepath(77,9-43): warning X3571: pow(f, e) will not work for negative f, use abs(f) or conditionally handle negative values if you expect them

[0913/003524.101:WARNING:dns_config_service_win.cc(668)] Failed to read DnsConfig.
[0913/003546.427:WARNING:dns_config_service_win.cc(668)] Failed to read DnsConfig.
[0913/003551.446:WARNING:dns_config_service_win.cc(668)] Failed to read DnsConfig.
[0913/003639.347:WARNING:dns_config_service_win.cc(668)] Failed to read DnsConfig.
[0913/003644.368:WARNING:dns_config_service_win.cc(668)] Failed to read DnsConfig.
[0913/003843.267:WARNING:dns_config_service_win.cc(668)] Failed to read DnsConfig.
[0913/003918.985:WARNING:dns_config_service_win.cc(668)] Failed to read DnsConfig.
[0913/003924.015:WARNING:dns_config_service_win.cc(668)] Failed to read DnsConfig.
[0913/003929.025:WARNING:dns_config_service_win.cc(668)] Failed to read DnsConfig.
[0913/003934.045:WARNING:dns_config_service_win.cc(668)] Failed to read DnsConfig.
[0913/025354.770:ERROR:media_internals.cc(112)] Cannot get RenderProcessHost
[1018/230423.033:WARNING:dns_config_service_win.cc(668)] Failed to read DnsConfig.
[1018/230428.195:WARNING:dns_config_service_win.cc(668)] Failed to read DnsConfig.
[1018/230433.203:WARNING:dns_config_service_win.cc(668)] Failed to read DnsConfig.
[1018/230804.407:WARNING:dns_config_service_win.cc(668)] Failed to read DnsConfig.
[1018/231841.400:WARNING:dns_config_service_win.cc(668)] Failed to read DnsConfig.
[1018/231846.420:WARNING:dns_config_service_win.cc(668)] Failed to read DnsConfig.
[1018/231851.426:WARNING:dns_config_service_win.cc(668)] Failed to read DnsConfig.
[1018/231856.444:WARNING:dns_config_service_win.cc(668)] Failed to read DnsConfig.
[1018/231901.463:WARNING:dns_config_service_win.cc(668)] Failed to read DnsConfig.
[1018/231906.478:WARNING:dns_config_service_win.cc(668)] Failed to read DnsConfig.
[1018/231911.489:WARNING:dns_config_service_win.cc(668)] Failed to read DnsConfig.
[1018/231916.506:WARNING:dns_config_service_win.cc(668)] Failed to read DnsConfig.
[1018/231921.526:WARNING:dns_config_service_win.cc(668)] Failed to read DnsConfig.
[1018/231926.538:WARNING:dns_config_service_win.cc(668)] Failed to read DnsConfig.
[1018/231931.552:WARNING:dns_config_service_win.cc(668)] Failed to read DnsConfig.
[1018/231936.569:WARNING:dns_config_service_win.cc(668)] Failed to read DnsConfig.
[1018/231941.592:WARNING:dns_config_service_win.cc(668)] Failed to read DnsConfig.
[1018/231946.609:WARNING:dns_config_service_win.cc(668)] Failed to read DnsConfig.
[1018/231951.622:WARNING:dns_config_service_win.cc(668)] Failed to read DnsConfig.
[1018/231956.639:WARNING:dns_config_service_win.cc(668)] Failed to read DnsConfig.
[1018/232001.650:WARNING:dns_config_service_win.cc(668)] Failed to read DnsConfig.
[1018/232006.657:WARNING:dns_config_service_win.cc(668)] Failed to read DnsConfig.
[1018/232011.676:WARNING:dns_config_service_win.cc(668)] Failed to read DnsConfig.
[1018/232016.698:WARNING:dns_config_service_win.cc(668)] Failed to read DnsConfig.
[1018/232021.706:WARNING:dns_config_service_win.cc(668)] Failed to read DnsConfig.
[1018/232026.717:WARNING:dns_config_service_win.cc(668)] Failed to read DnsConfig.
[1018/232031.737:WARNING:dns_config_service_win.cc(668)] Failed to read DnsConfig.
[1018/232036.753:WARNING:dns_config_service_win.cc(668)] Failed to read DnsConfig.
[1018/232041.773:WARNING:dns_config_service_win.cc(668)] Failed to read DnsConfig.
[1018/232046.779:WARNING:dns_config_service_win.cc(668)] Failed to read DnsConfig.
[1018/232051.794:WARNING:dns_config_service_win.cc(668)] Failed to read DnsConfig.
[1018/232056.808:WARNING:dns_config_service_win.cc(668)] Failed to read DnsConfig.
[1018/232101.828:WARNING:dns_config_service_win.cc(668)] Failed to read DnsConfig.
[1018/232106.846:WARNING:dns_config_service_win.cc(668)] Failed to read DnsConfig.
[1018/232111.860:WARNING:dns_config_service_win.cc(668)] Failed to read DnsConfig.
[1018/232116.884:WARNING:dns_config_service_win.cc(668)] Failed to read DnsConfig.
[1018/232121.895:WARNING:dns_config_service_win.cc(668)] Failed to read DnsConfig.
[1018/232126.913:WARNING:dns_config_service_win.cc(668)] Failed to read DnsConfig.
[1018/232131.937:WARNING:dns_config_service_win.cc(668)] Failed to read DnsConfig.
[1018/232136.949:WARNING:dns_config_service_win.cc(668)] Failed to read DnsConfig.
[1018/232141.968:WARNING:dns_config_service_win.cc(668)] Failed to read DnsConfig.
[1018/232146.972:WARNING:dns_config_service_win.cc(668)] Failed to read DnsConfig.
[1018/232151.987:WARNING:dns_config_service_win.cc(668)] Failed to read DnsConfig.
[1018/232157.015:WARNING:dns_config_service_win.cc(668)] Failed to read DnsConfig.
[1018/232202.034:WARNING:dns_config_service_win.cc(668)] Failed to read DnsConfig.
[1018/232207.057:WARNING:dns_config_service_win.cc(668)] Failed to read DnsConfig.
[1018/232212.072:WARNING:dns_config_service_win.cc(668)] Failed to read DnsConfig.
[1018/232217.092:WARNING:dns_config_service_win.cc(668)] Failed to read DnsConfig.
[1018/232222.122:WARNING:dns_config_service_win.cc(668)] Failed to read DnsConfig.
[1018/232227.141:WARNING:dns_config_service_win.cc(668)] Failed to read DnsConfig.
[1018/232232.162:WARNING:dns_config_service_win.cc(668)] Failed to read DnsConfig.
[1018/232237.176:WARNING:dns_config_service_win.cc(668)] Failed to read DnsConfig.
[1018/232242.190:WARNING:dns_config_service_win.cc(668)] Failed to read DnsConfig.
[1018/232247.202:WARNING:dns_config_service_win.cc(668)] Failed to read DnsConfig.
[1018/232252.222:WARNING:dns_config_service_win.cc(668)] Failed to read DnsConfig.
[1018/232257.239:WARNING:dns_config_service_win.cc(668)] Failed to read DnsConfig.
[1018/232302.259:WARNING:dns_config_service_win.cc(668)] Failed to read DnsConfig.
[1018/232307.281:WARNING:dns_config_service_win.cc(668)] Failed to read DnsConfig.
[1018/232312.312:WARNING:dns_config_service_win.cc(668)] Failed to read DnsConfig.
[1018/232317.319:WARNING:dns_config_service_win.cc(668)] Failed to read DnsConfig.
[1018/232322.339:WARNING:dns_config_service_win.cc(668)] Failed to read DnsConfig.
[1018/232327.354:WARNING:dns_config_service_win.cc(668)] Failed to read DnsConfig.
[1018/232332.370:WARNING:dns_config_service_win.cc(668)] Failed to read DnsConfig.
[1018/232337.395:WARNING:dns_config_service_win.cc(668)] Failed to read DnsConfig.
[1018/232342.403:WARNING:dns_config_service_win.cc(668)] Failed to read DnsConfig.
[1018/232347.418:WARNING:dns_config_service_win.cc(668)] Failed to read DnsConfig.
[1018/232352.429:WARNING:dns_config_service_win.cc(668)] Failed to read DnsConfig.
[1018/232357.446:WARNING:dns_config_service_win.cc(668)] Failed to read DnsConfig.
[1018/232402.452:WARNING:dns_config_service_win.cc(668)] Failed to read DnsConfig.
[1018/232407.465:WARNING:dns_config_service_win.cc(668)] Failed to read DnsConfig.
[1018/232412.483:WARNING:dns_config_service_win.cc(668)] Failed to read DnsConfig.
[1018/232417.508:WARNING:dns_config_service_win.cc(668)] Failed to read DnsConfig.
[1018/232422.527:WARNING:dns_config_service_win.cc(668)] Failed to read DnsConfig.
[1018/232427.546:WARNING:dns_config_service_win.cc(668)] Failed to read DnsConfig.
[1018/232432.568:WARNING:dns_config_service_win.cc(668)] Failed to read DnsConfig.
[1018/232437.589:WARNING:dns_config_service_win.cc(668)] Failed to read DnsConfig.
[1018/232442.603:WARNING:dns_config_service_win.cc(668)] Failed to read DnsConfig.
[1018/232447.608:WARNING:dns_config_service_win.cc(668)] Failed to read DnsConfig.
[1018/232452.635:WARNING:dns_config_service_win.cc(668)] Failed to read DnsConfig.
[1018/232457.656:WARNING:dns_config_service_win.cc(668)] Failed to read DnsConfig.
[1018/232502.665:WARNING:dns_config_service_win.cc(668)] Failed to read DnsConfig.
[1018/232507.678:WARNING:dns_config_service_win.cc(668)] Failed to read DnsConfig.
[1018/232512.703:WARNING:dns_config_service_win.cc(668)] Failed to read DnsConfig.
[1018/232517.713:WARNING:dns_config_service_win.cc(668)] Failed to read DnsConfig.
[1018/232522.732:WARNING:dns_config_service_win.cc(668)] Failed to read DnsConfig.
[1018/232527.741:WARNING:dns_config_service_win.cc(668)] Failed to read DnsConfig.
[1018/232532.747:WARNING:dns_config_service_win.cc(668)] Failed to read DnsConfig.
[1018/232537.761:WARNING:dns_config_service_win.cc(668)] Failed to read DnsConfig.
[1018/232542.781:WARNING:dns_config_service_win.cc(668)] Failed to read DnsConfig.
[1018/232547.793:WARNING:dns_config_service_win.cc(668)] Failed to read DnsConfig.
[1018/232552.803:WARNING:dns_config_service_win.cc(668)] Failed to read DnsConfig.
[1018/232557.813:WARNING:dns_config_service_win.cc(668)] Failed to read DnsConfig.
[1018/232602.824:WARNING:dns_config_service_win.cc(668)] Failed to read DnsConfig.
[1018/232607.838:WARNING:dns_config_service_win.cc(668)] Failed to read DnsConfig.
[1018/232612.849:WARNING:dns_config_service_win.cc(668)] Failed to read DnsConfig.
[1018/232617.859:WARNING:dns_config_service_win.cc(668)] Failed to read DnsConfig.
[1018/232622.877:WARNING:dns_config_service_win.cc(668)] Failed to read DnsConfig.
[1018/232627.895:WARNING:dns_config_service_win.cc(668)] Failed to read DnsConfig.
[1018/232632.912:WARNING:dns_config_service_win.cc(668)] Failed to read DnsConfig.
[1018/232637.929:WARNING:dns_config_service_win.cc(668)] Failed to read DnsConfig.
[1018/232642.941:WARNING:dns_config_service_win.cc(668)] Failed to read DnsConfig.
[1018/232647.958:WARNING:dns_config_service_win.cc(668)] Failed to read DnsConfig.
[1018/232652.972:WARNING:dns_config_service_win.cc(668)] Failed to read DnsConfig.
[1018/232657.987:WARNING:dns_config_service_win.cc(668)] Failed to read DnsConfig.
[1018/232703.011:WARNING:dns_config_service_win.cc(668)] Failed to read DnsConfig.
[1018/232708.026:WARNING:dns_config_service_win.cc(668)] Failed to read DnsConfig.
[1018/232713.035:WARNING:dns_config_service_win.cc(668)] Failed to read DnsConfig.
[1018/232718.058:WARNING:dns_config_service_win.cc(668)] Failed to read DnsConfig.
[1018/232723.077:WARNING:dns_config_service_win.cc(668)] Failed to read DnsConfig.
[1018/232728.091:WARNING:dns_config_service_win.cc(668)] Failed to read DnsConfig.
[1018/232733.109:WARNING:dns_config_service_win.cc(668)] Failed to read DnsConfig.
[1018/232738.125:WARNING:dns_config_service_win.cc(668)] Failed to read DnsConfig.
[1018/232743.132:WARNING:dns_config_service_win.cc(668)] Failed to read DnsConfig.
[1018/232748.153:WARNING:dns_config_service_win.cc(668)] Failed to read DnsConfig.
[1018/232753.172:WARNING:dns_config_service_win.cc(668)] Failed to read DnsConfig.
[1018/232758.197:WARNING:dns_config_service_win.cc(668)] Failed to read DnsConfig.
[1018/232803.207:WARNING:dns_config_service_win.cc(668)] Failed to read DnsConfig.
[1018/232808.222:WARNING:dns_config_service_win.cc(668)] Failed to read DnsConfig.
[1018/232813.244:WARNING:dns_config_service_win.cc(668)] Failed to read DnsConfig.
[1018/232818.266:WARNING:dns_config_service_win.cc(668)] Failed to read DnsConfig.
[1018/232823.282:WARNING:dns_config_service_win.cc(668)] Failed to read DnsConfig.
[1018/232828.298:WARNING:dns_config_service_win.cc(668)] Failed to read DnsConfig.
[1018/232833.321:WARNING:dns_config_service_win.cc(668)] Failed to read DnsConfig.
[1018/232838.340:WARNING:dns_config_service_win.cc(668)] Failed to read DnsConfig.
[1018/232843.359:WARNING:dns_config_service_win.cc(668)] Failed to read DnsConfig.
[1018/232848.371:WARNING:dns_config_service_win.cc(668)] Failed to read DnsConfig.
[1018/232853.391:WARNING:dns_config_service_win.cc(668)] Failed to read DnsConfig.
[1018/232858.410:WARNING:dns_config_service_win.cc(668)] Failed to read DnsConfig.
[1018/232903.427:WARNING:dns_config_service_win.cc(668)] Failed to read DnsConfig.
[1018/232908.454:WARNING:dns_config_service_win.cc(668)] Failed to read DnsConfig.
[1018/232913.477:WARNING:dns_config_service_win.cc(668)] Failed to read DnsConfig.
